<?xml version="1.0" encoding="UTF-8"?>
<!-- Generated by org.testng.reporters.JUnitReportReporter -->
<testsuite hostname="Ashish" failures="0" tests="3" name="mytests.AppTest" time="6.404" errors="0" timestamp="2024-07-21T19:36:30 IST" skipped="0">
  <testcase classname="mytests.AppTest" name="testGoogle" time="2.207"/>
  <testcase classname="mytests.AppTest" name="testGoogle" time="2.464"/>
  <testcase classname="mytests.AppTest" name="testGoogle" time="1.733"/>
</testsuite> <!-- mytests.AppTest -->
